<?xml version="1.0" encoding="UTF-8"?>
<testng-results skipped="0" failed="0" ignored="0" total="1" passed="1">
  <reporter-output>
  </reporter-output>
  <suite name="Suite" duration-ms="17304" started-at="2019-01-19T00:23:45Z" finished-at="2019-01-19T00:24:02Z">
    <groups>
    </groups>
    <test name="Test" duration-ms="17304" started-at="2019-01-19T00:23:45Z" finished-at="2019-01-19T00:24:02Z">
      <class name="testCases.LoginApplication">
        <test-method status="PASS" signature="Login()[pri:0, instance:testCases.LoginApplication@643b1d11]" name="Login" duration-ms="17283" started-at="2019-01-19T00:23:45Z" finished-at="2019-01-19T00:24:02Z">
          <reporter-output>
          </reporter-output>
        </test-method> <!-- Login -->
      </class> <!-- testCases.LoginApplication -->
    </test> <!-- Test -->
  </suite> <!-- Suite -->
</testng-results>
