<?xml version="1.0" encoding="UTF-8"?>
<testng-results skipped="0" failed="0" ignored="0" total="1" passed="1">
  <reporter-output>
  </reporter-output>
  <suite name="Default suite" duration-ms="15279" started-at="2019-01-18T23:54:40Z" finished-at="2019-01-18T23:54:56Z">
    <groups>
    </groups>
    <test name="Default test" duration-ms="15279" started-at="2019-01-18T23:54:40Z" finished-at="2019-01-18T23:54:56Z">
      <class name="testCases.LoginApplication">
        <test-method status="PASS" signature="Login()[pri:0, instance:testCases.LoginApplication@643b1d11]" name="Login" duration-ms="15258" started-at="2019-01-18T23:54:41Z" finished-at="2019-01-18T23:54:56Z">
          <reporter-output>
          </reporter-output>
        </test-method> <!-- Login -->
      </class> <!-- testCases.LoginApplication -->
    </test> <!-- Default test -->
  </suite> <!-- Default suite -->
</testng-results>
